<?xml version="1.0" encoding="UTF-8"?>
<!-- Generated by org.testng.reporters.JUnitXMLReporter -->
<testsuite hostname="Ritesh" ignored="1" name="Test" tests="14" failures="1" timestamp="2020-12-20T18:33:08 IST" time="86.812" errors="0">
  <testcase name="first" time="0.008" classname="CourseTestngXml.Test1a"/>
  <testcase name="TestLoginFail" time="16.153" classname="CoursePageObjectModel.LoginTestUsingTestNG"/>
  <testcase name="TestLoginSuccess" time="26.656" classname="CoursePageObjectModel.LoginTestUsingTestNG"/>
  <testcase name="third" time="0.018" classname="CourseTestngXml.Test1b"/>
  <testcase name="fourth" time="0.003" classname="CourseTestngXml.Test1b"/>
  <testcase name="GmailLogin" time="0.002" classname="CourseTestngXml.Test3"/>
  <testcase name="GmailCheckMail" time="0.004" classname="CourseTestngXml.Test3"/>
  <testcase name="GmailLogout" time="0.002" classname="CourseTestngXml.Test3"/>
  <testcase name="YahooLogin" time="0.0" classname="CourseTestngXml.Test3">
    <failure type="org.testng.TestNGException" message="
Parameter &amp;apos;URL&amp;apos; is required by @Test on method YahooLogin but has not been marked @Optional or defined
in C:\Users\DELL\eclipse-workspace\MavenTest2\packAll.xml">
      <![CDATA[org.testng.TestNGException: 
Parameter 'URL' is required by @Test on method YahooLogin but has not been marked @Optional or defined
in C:\Users\DELL\eclipse-workspace\MavenTest2\packAll.xml
at java.util.ArrayList.forEach(ArrayList.java:1257)
... Removed 26 stack frames]]>
    </failure>
  </testcase> <!-- YahooLogin -->
  <testcase name="YahooCheckMail" time="0.0" classname="CourseTestngXml.Test3">
    <skipped/>
  </testcase> <!-- YahooCheckMail -->
  <testcase name="YahooLogout" time="0.0" classname="CourseTestngXml.Test3">
    <skipped/>
  </testcase> <!-- YahooLogout -->
  <testcase name="YahooLogin" time="0.004" classname="CourseTestngXml.Test4"/>
  <testcase name="YahooLogin" time="0.002" classname="CourseTestngXml.Test4"/>
  <testcase name="YahooLogin" time="0.007" classname="CourseTestngXml.Test4"/>
  <testcase name="second" time="0.0" classname="CourseTestngXml.Test1a">
    <ignored/>
  </testcase> <!-- second -->
</testsuite> <!-- Test -->
