<?xml version="1.0" encoding="UTF-8"?>
<!-- Generated by org.testng.reporters.JUnitXMLReporter -->
<testsuite hostname="Ritesh" name="Test" tests="4" failures="0" timestamp="28 Dec 2020 05:31:44 GMT" time="0.095" errors="0">
  <testcase name="first" time="0.04" classname="CourseTestngXml.Test1a"/>
  <testcase name="second" time="0.001" classname="CourseTestngXml.Test1a"/>
  <testcase name="third" time="0.011" classname="CourseTestngXml.Test1b"/>
  <testcase name="fourth" time="0.001" classname="CourseTestngXml.Test1b"/>
</testsuite> <!-- Test -->
