<?xml version="1.0" encoding="UTF-8"?>
<testng-results skipped="0" failed="0" total="4" passed="4">
  <reporter-output>
  </reporter-output>
  <suite name="Suite" duration-ms="95" started-at="2020-12-28T05:31:44Z" finished-at="2020-12-28T05:31:44Z">
    <groups>
      <group name="SmokeTest">
        <method signature="Test1a.first()[pri:0, instance:CourseTestngXml.Test1a@23a5fd2]" name="first" class="CourseTestngXml.Test1a"/>
        <method signature="Test1b.fourth()[pri:0, instance:CourseTestngXml.Test1b@64d7f7e0]" name="fourth" class="CourseTestngXml.Test1b"/>
      </group> <!-- SmokeTest -->
    </groups>
    <test name="Test" duration-ms="95" started-at="2020-12-28T05:31:44Z" finished-at="2020-12-28T05:31:44Z">
      <class name="CourseTestngXml.Test1a">
        <test-method status="PASS" signature="first()[pri:0, instance:CourseTestngXml.Test1a@23a5fd2]" name="first" duration-ms="40" started-at="2020-12-28T11:01:44Z" finished-at="2020-12-28T11:01:44Z">
          <reporter-output>
          </reporter-output>
        </test-method> <!-- first -->
        <test-method status="PASS" signature="second()[pri:0, instance:CourseTestngXml.Test1a@23a5fd2]" name="second" duration-ms="1" started-at="2020-12-28T11:01:44Z" finished-at="2020-12-28T11:01:44Z">
          <reporter-output>
          </reporter-output>
        </test-method> <!-- second -->
      </class> <!-- CourseTestngXml.Test1a -->
      <class name="CourseTestngXml.Test1b">
        <test-method status="PASS" signature="third()[pri:0, instance:CourseTestngXml.Test1b@64d7f7e0]" name="third" duration-ms="11" started-at="2020-12-28T11:01:44Z" finished-at="2020-12-28T11:01:44Z">
          <reporter-output>
          </reporter-output>
        </test-method> <!-- third -->
        <test-method status="PASS" signature="fourth()[pri:0, instance:CourseTestngXml.Test1b@64d7f7e0]" name="fourth" duration-ms="1" started-at="2020-12-28T11:01:44Z" finished-at="2020-12-28T11:01:44Z">
          <reporter-output>
          </reporter-output>
        </test-method> <!-- fourth -->
      </class> <!-- CourseTestngXml.Test1b -->
    </test> <!-- Test -->
  </suite> <!-- Suite -->
</testng-results>
